{"/home/muntherabdlrahman/301/data-structures-and-algorithms/401-code-challenge/tree-breadth-first/binaryTree.js": {"path":"/home/muntherabdlrahman/301/data-structures-and-algorithms/401-code-challenge/tree-breadth-first/binaryTree.js","statementMap":{"0":{"start":{"line":6,"column":4},"end":{"line":6,"column":21}},"1":{"start":{"line":9,"column":17},"end":{"line":9,"column":19}},"2":{"start":{"line":10,"column":18},"end":{"line":18,"column":5}},"3":{"start":{"line":11,"column":6},"end":{"line":11,"column":30}},"4":{"start":{"line":12,"column":6},"end":{"line":14,"column":7}},"5":{"start":{"line":13,"column":8},"end":{"line":13,"column":27}},"6":{"start":{"line":15,"column":6},"end":{"line":17,"column":7}},"7":{"start":{"line":16,"column":8},"end":{"line":16,"column":28}},"8":{"start":{"line":19,"column":4},"end":{"line":19,"column":23}},"9":{"start":{"line":20,"column":4},"end":{"line":20,"column":18}},"10":{"start":{"line":24,"column":17},"end":{"line":24,"column":19}},"11":{"start":{"line":25,"column":18},"end":{"line":33,"column":5}},"12":{"start":{"line":26,"column":6},"end":{"line":28,"column":7}},"13":{"start":{"line":27,"column":8},"end":{"line":27,"column":27}},"14":{"start":{"line":29,"column":6},"end":{"line":29,"column":30}},"15":{"start":{"line":30,"column":6},"end":{"line":32,"column":7}},"16":{"start":{"line":31,"column":8},"end":{"line":31,"column":28}},"17":{"start":{"line":34,"column":4},"end":{"line":34,"column":23}},"18":{"start":{"line":35,"column":4},"end":{"line":35,"column":18}},"19":{"start":{"line":39,"column":17},"end":{"line":39,"column":19}},"20":{"start":{"line":40,"column":18},"end":{"line":48,"column":5}},"21":{"start":{"line":41,"column":6},"end":{"line":43,"column":7}},"22":{"start":{"line":42,"column":8},"end":{"line":42,"column":27}},"23":{"start":{"line":44,"column":6},"end":{"line":46,"column":7}},"24":{"start":{"line":45,"column":8},"end":{"line":45,"column":28}},"25":{"start":{"line":47,"column":6},"end":{"line":47,"column":30}},"26":{"start":{"line":49,"column":4},"end":{"line":49,"column":23}},"27":{"start":{"line":50,"column":4},"end":{"line":50,"column":18}},"28":{"start":{"line":54,"column":4},"end":{"line":56,"column":5}},"29":{"start":{"line":55,"column":6},"end":{"line":55,"column":33}},"30":{"start":{"line":57,"column":20},"end":{"line":57,"column":35}},"31":{"start":{"line":58,"column":18},"end":{"line":62,"column":5}},"32":{"start":{"line":59,"column":6},"end":{"line":59,"column":40}},"33":{"start":{"line":59,"column":21},"end":{"line":59,"column":40}},"34":{"start":{"line":60,"column":6},"end":{"line":60,"column":42}},"35":{"start":{"line":60,"column":22},"end":{"line":60,"column":42}},"36":{"start":{"line":61,"column":6},"end":{"line":61,"column":57}},"37":{"start":{"line":61,"column":34},"end":{"line":61,"column":57}},"38":{"start":{"line":64,"column":4},"end":{"line":64,"column":23}},"39":{"start":{"line":65,"column":4},"end":{"line":65,"column":21}},"40":{"start":{"line":69,"column":16},"end":{"line":69,"column":22}},"41":{"start":{"line":70,"column":17},"end":{"line":70,"column":19}},"42":{"start":{"line":71,"column":4},"end":{"line":83,"column":5}},"43":{"start":{"line":72,"column":17},"end":{"line":72,"column":30}},"44":{"start":{"line":73,"column":18},"end":{"line":73,"column":28}},"45":{"start":{"line":74,"column":6},"end":{"line":74,"column":25}},"46":{"start":{"line":75,"column":6},"end":{"line":75,"column":25}},"47":{"start":{"line":76,"column":6},"end":{"line":78,"column":7}},"48":{"start":{"line":77,"column":8},"end":{"line":77,"column":30}},"49":{"start":{"line":80,"column":6},"end":{"line":82,"column":7}},"50":{"start":{"line":81,"column":8},"end":{"line":81,"column":31}},"51":{"start":{"line":84,"column":4},"end":{"line":84,"column":18}},"52":{"start":{"line":91,"column":0},"end":{"line":91,"column":28}}},"fnMap":{"0":{"name":"(anonymous_0)","decl":{"start":{"line":5,"column":2},"end":{"line":5,"column":3}},"loc":{"start":{"line":5,"column":16},"end":{"line":7,"column":3}},"line":5},"1":{"name":"(anonymous_1)","decl":{"start":{"line":8,"column":2},"end":{"line":8,"column":3}},"loc":{"start":{"line":8,"column":13},"end":{"line":21,"column":3}},"line":8},"2":{"name":"(anonymous_2)","decl":{"start":{"line":10,"column":18},"end":{"line":10,"column":19}},"loc":{"start":{"line":10,"column":28},"end":{"line":18,"column":5}},"line":10},"3":{"name":"(anonymous_3)","decl":{"start":{"line":23,"column":2},"end":{"line":23,"column":3}},"loc":{"start":{"line":23,"column":12},"end":{"line":36,"column":3}},"line":23},"4":{"name":"(anonymous_4)","decl":{"start":{"line":25,"column":18},"end":{"line":25,"column":19}},"loc":{"start":{"line":25,"column":28},"end":{"line":33,"column":5}},"line":25},"5":{"name":"(anonymous_5)","decl":{"start":{"line":38,"column":2},"end":{"line":38,"column":3}},"loc":{"start":{"line":38,"column":14},"end":{"line":51,"column":3}},"line":38},"6":{"name":"(anonymous_6)","decl":{"start":{"line":40,"column":18},"end":{"line":40,"column":19}},"loc":{"start":{"line":40,"column":28},"end":{"line":48,"column":5}},"line":40},"7":{"name":"(anonymous_7)","decl":{"start":{"line":53,"column":2},"end":{"line":53,"column":3}},"loc":{"start":{"line":53,"column":21},"end":{"line":66,"column":3}},"line":53},"8":{"name":"(anonymous_8)","decl":{"start":{"line":58,"column":18},"end":{"line":58,"column":19}},"loc":{"start":{"line":58,"column":28},"end":{"line":62,"column":5}},"line":58},"9":{"name":"(anonymous_9)","decl":{"start":{"line":68,"column":2},"end":{"line":68,"column":3}},"loc":{"start":{"line":68,"column":27},"end":{"line":85,"column":3}},"line":68}},"branchMap":{"0":{"loc":{"start":{"line":12,"column":6},"end":{"line":14,"column":7}},"type":"if","locations":[{"start":{"line":12,"column":6},"end":{"line":14,"column":7}},{"start":{"line":12,"column":6},"end":{"line":14,"column":7}}],"line":12},"1":{"loc":{"start":{"line":15,"column":6},"end":{"line":17,"column":7}},"type":"if","locations":[{"start":{"line":15,"column":6},"end":{"line":17,"column":7}},{"start":{"line":15,"column":6},"end":{"line":17,"column":7}}],"line":15},"2":{"loc":{"start":{"line":26,"column":6},"end":{"line":28,"column":7}},"type":"if","locations":[{"start":{"line":26,"column":6},"end":{"line":28,"column":7}},{"start":{"line":26,"column":6},"end":{"line":28,"column":7}}],"line":26},"3":{"loc":{"start":{"line":30,"column":6},"end":{"line":32,"column":7}},"type":"if","locations":[{"start":{"line":30,"column":6},"end":{"line":32,"column":7}},{"start":{"line":30,"column":6},"end":{"line":32,"column":7}}],"line":30},"4":{"loc":{"start":{"line":41,"column":6},"end":{"line":43,"column":7}},"type":"if","locations":[{"start":{"line":41,"column":6},"end":{"line":43,"column":7}},{"start":{"line":41,"column":6},"end":{"line":43,"column":7}}],"line":41},"5":{"loc":{"start":{"line":44,"column":6},"end":{"line":46,"column":7}},"type":"if","locations":[{"start":{"line":44,"column":6},"end":{"line":46,"column":7}},{"start":{"line":44,"column":6},"end":{"line":46,"column":7}}],"line":44},"6":{"loc":{"start":{"line":54,"column":4},"end":{"line":56,"column":5}},"type":"if","locations":[{"start":{"line":54,"column":4},"end":{"line":56,"column":5}},{"start":{"line":54,"column":4},"end":{"line":56,"column":5}}],"line":54},"7":{"loc":{"start":{"line":59,"column":6},"end":{"line":59,"column":40}},"type":"if","locations":[{"start":{"line":59,"column":6},"end":{"line":59,"column":40}},{"start":{"line":59,"column":6},"end":{"line":59,"column":40}}],"line":59},"8":{"loc":{"start":{"line":60,"column":6},"end":{"line":60,"column":42}},"type":"if","locations":[{"start":{"line":60,"column":6},"end":{"line":60,"column":42}},{"start":{"line":60,"column":6},"end":{"line":60,"column":42}}],"line":60},"9":{"loc":{"start":{"line":61,"column":6},"end":{"line":61,"column":57}},"type":"if","locations":[{"start":{"line":61,"column":6},"end":{"line":61,"column":57}},{"start":{"line":61,"column":6},"end":{"line":61,"column":57}}],"line":61},"10":{"loc":{"start":{"line":76,"column":6},"end":{"line":78,"column":7}},"type":"if","locations":[{"start":{"line":76,"column":6},"end":{"line":78,"column":7}},{"start":{"line":76,"column":6},"end":{"line":78,"column":7}}],"line":76},"11":{"loc":{"start":{"line":80,"column":6},"end":{"line":82,"column":7}},"type":"if","locations":[{"start":{"line":80,"column":6},"end":{"line":82,"column":7}},{"start":{"line":80,"column":6},"end":{"line":82,"column":7}}],"line":80}},"s":{"0":3,"1":0,"2":0,"3":0,"4":0,"5":0,"6":0,"7":0,"8":0,"9":0,"10":0,"11":0,"12":0,"13":0,"14":0,"15":0,"16":0,"17":0,"18":0,"19":0,"20":0,"21":0,"22":0,"23":0,"24":0,"25":0,"26":0,"27":0,"28":2,"29":1,"30":1,"31":1,"32":5,"33":2,"34":5,"35":2,"36":5,"37":3,"38":1,"39":1,"40":1,"41":1,"42":1,"43":9,"44":9,"45":9,"46":9,"47":9,"48":4,"49":9,"50":4,"51":1,"52":1},"f":{"0":3,"1":0,"2":0,"3":0,"4":0,"5":0,"6":0,"7":2,"8":5,"9":1},"b":{"0":[0,0],"1":[0,0],"2":[0,0],"3":[0,0],"4":[0,0],"5":[0,0],"6":[1,1],"7":[2,3],"8":[2,3],"9":[3,2],"10":[4,5],"11":[4,5]},"_coverageSchema":"1a1c01bbd47fc00a2c39e90264f33305004495a9","hash":"a96083bbc1034d25ea8311b716361c5c0e0a000d"}
,"/home/muntherabdlrahman/301/data-structures-and-algorithms/401-code-challenge/tree-breadth-first/node.js": {"path":"/home/muntherabdlrahman/301/data-structures-and-algorithms/401-code-challenge/tree-breadth-first/node.js","statementMap":{"0":{"start":{"line":6,"column":4},"end":{"line":6,"column":23}},"1":{"start":{"line":7,"column":4},"end":{"line":7,"column":21}},"2":{"start":{"line":8,"column":4},"end":{"line":8,"column":22}},"3":{"start":{"line":12,"column":0},"end":{"line":12,"column":22}}},"fnMap":{"0":{"name":"(anonymous_0)","decl":{"start":{"line":5,"column":2},"end":{"line":5,"column":3}},"loc":{"start":{"line":5,"column":21},"end":{"line":9,"column":3}},"line":5}},"branchMap":{},"s":{"0":14,"1":14,"2":14,"3":1},"f":{"0":14},"b":{},"_coverageSchema":"1a1c01bbd47fc00a2c39e90264f33305004495a9","hash":"30a0ec3396405fd1ca1afad7914a5d0ac54012dd"}
}
