TN:
SF:401-code-challenge/tree-fizz-buzz/binaryTree.js
FN:6,(anonymous_0)
FN:9,(anonymous_1)
FN:11,(anonymous_2)
FN:24,(anonymous_3)
FN:26,(anonymous_4)
FN:39,(anonymous_5)
FN:41,(anonymous_6)
FN:54,(anonymous_7)
FN:59,(anonymous_8)
FN:70,(anonymous_9)
FNF:10
FNH:1
FNDA:6,(anonymous_0)
FNDA:0,(anonymous_1)
FNDA:0,(anonymous_2)
FNDA:0,(anonymous_3)
FNDA:0,(anonymous_4)
FNDA:0,(anonymous_5)
FNDA:0,(anonymous_6)
FNDA:0,(anonymous_7)
FNDA:0,(anonymous_8)
FNDA:0,(anonymous_9)
DA:3,1
DA:7,6
DA:10,0
DA:11,0
DA:12,0
DA:13,0
DA:14,0
DA:16,0
DA:17,0
DA:20,0
DA:21,0
DA:25,0
DA:26,0
DA:27,0
DA:28,0
DA:30,0
DA:31,0
DA:32,0
DA:35,0
DA:36,0
DA:40,0
DA:41,0
DA:42,0
DA:43,0
DA:45,0
DA:46,0
DA:48,0
DA:50,0
DA:51,0
DA:55,0
DA:56,0
DA:58,0
DA:59,0
DA:60,0
DA:61,0
DA:62,0
DA:65,0
DA:66,0
DA:71,0
DA:72,0
DA:73,0
DA:74,0
DA:75,0
DA:76,0
DA:77,0
DA:79,0
DA:80,0
DA:83,0
DA:84,0
DA:87,0
DA:91,1
DA:92,1
DA:93,1
DA:94,1
DA:95,1
DA:96,1
DA:97,1
DA:98,1
DA:99,1
DA:101,1
DA:102,1
DA:103,1
DA:104,1
DA:105,1
DA:106,1
DA:107,1
DA:108,1
DA:110,1
DA:112,1
DA:117,1
LF:70
LH:22
BRDA:13,0,0,0
BRDA:13,0,1,0
BRDA:16,1,0,0
BRDA:16,1,1,0
BRDA:27,2,0,0
BRDA:27,2,1,0
BRDA:31,3,0,0
BRDA:31,3,1,0
BRDA:42,4,0,0
BRDA:42,4,1,0
BRDA:45,5,0,0
BRDA:45,5,1,0
BRDA:55,6,0,0
BRDA:55,6,1,0
BRDA:60,7,0,0
BRDA:60,7,1,0
BRDA:61,8,0,0
BRDA:61,8,1,0
BRDA:62,9,0,0
BRDA:62,9,1,0
BRDA:79,10,0,0
BRDA:79,10,1,0
BRDA:83,11,0,0
BRDA:83,11,1,0
BRF:24
BRH:0
end_of_record
TN:
SF:401-code-challenge/tree-fizz-buzz/fizz-buzz-tree.js
FN:6,fizzBuzzTree
FN:7,fizzBuzzValue
FN:27,trevers
FNF:3
FNH:3
FNDA:5,fizzBuzzTree
FNDA:13,fizzBuzzValue
FNDA:31,trevers
DA:3,1
DA:4,1
DA:9,13
DA:10,3
DA:11,3
DA:12,10
DA:13,4
DA:14,4
DA:15,6
DA:16,1
DA:17,1
DA:19,5
DA:20,5
DA:23,13
DA:28,31
DA:29,31
DA:30,39
DA:31,39
DA:32,26
DA:34,13
DA:37,31
DA:39,5
DA:42,1
DA:43,1
DA:44,1
DA:45,1
DA:46,1
DA:47,1
DA:48,1
DA:49,1
DA:50,1
DA:51,1
DA:56,1
DA:57,1
DA:58,1
DA:59,1
DA:60,1
DA:61,1
DA:62,1
DA:63,1
DA:67,1
DA:69,1
DA:72,1
LF:43
LH:43
BRDA:9,0,0,3
BRDA:9,0,1,10
BRDA:9,1,0,13
BRDA:9,1,1,7
BRDA:12,2,0,4
BRDA:12,2,1,6
BRDA:15,3,0,1
BRDA:15,3,1,5
BRDA:31,4,0,26
BRDA:31,4,1,13
BRDA:31,5,0,39
BRDA:31,5,1,39
BRF:12
BRH:12
end_of_record
TN:
SF:401-code-challenge/tree-fizz-buzz/node.js
FN:4,(anonymous_0)
FNF:1
FNH:1
FNDA:22,(anonymous_0)
DA:5,22
DA:6,22
DA:10,1
LF:3
LH:3
BRF:0
BRH:0
end_of_record
